{"file":"router.go","function":"taskmanager/internal/web.(*RouterCenter).Launch.func1","level":"info","line":62,"msg":"init server on 8080","time":"2022-08-11T20:27:30+08:00"}
{"file":"router.go","function":"taskmanager/internal/web.(*RouterCenter).Launch.func1","level":"info","line":62,"msg":"init server on 8080","time":"2022-08-11T22:10:49+08:00"}
{"file":"server.go","function":"taskmanager/internal/taskManager.(*taskCenter).StartWorker.func1","level":"error","line":95,"msg":"执行失败: %!(EXTRA *net.OpError=dial tcp: lookup Dc@123@127.0.0.1: no such host)","time":"2022-08-11T22:10:49+08:00"}
{"file":"server.go","function":"taskmanager/internal/taskManager.(*taskCenter).StartWorker.func1","level":"error","line":95,"msg":"执行失败: %!(EXTRA *net.OpError=dial tcp: lookup Dc@123@127.0.0.1: no such host)","time":"2022-08-11T22:10:50+08:00"}
{"file":"server.go","function":"taskmanager/internal/taskManager.(*taskCenter).StartWorker.func1","level":"error","line":95,"msg":"执行失败: %!(EXTRA *net.OpError=dial tcp: lookup Dc@123@127.0.0.1: no such host)","time":"2022-08-11T22:10:51+08:00"}
{"file":"server.go","function":"taskmanager/internal/taskManager.(*taskCenter).StartWorker.func1","level":"error","line":95,"msg":"执行失败: %!(EXTRA *net.OpError=dial tcp: lookup Dc@123@127.0.0.1: no such host)","time":"2022-08-11T22:10:53+08:00"}
{"file":"server.go","function":"taskmanager/internal/taskManager.(*taskCenter).StartWorker.func1","level":"error","line":95,"msg":"执行失败: %!(EXTRA *net.OpError=dial tcp: lookup Dc@123@127.0.0.1: no such host)","time":"2022-08-11T22:10:57+08:00"}
{"file":"shutdown.go","function":"taskmanager/utils.ServerNotify","level":"warning","line":26,"msg":"执行退出操作","time":"2022-08-11T22:11:00+08:00"}
{"file":"router.go","function":"taskmanager/internal/web.(*RouterCenter).Launch.func1","level":"info","line":62,"msg":"init server on 8080","time":"2022-08-11T22:12:40+08:00"}
{"file":"server.go","function":"taskmanager/internal/taskManager.(*taskCenter).StartWorker.func1","level":"error","line":95,"msg":"执行失败: %!(EXTRA *net.OpError=dial tcp: lookup Dc@123@127.0.0.1: no such host)","time":"2022-08-11T22:12:41+08:00"}
{"file":"server.go","function":"taskmanager/internal/taskManager.(*taskCenter).StartWorker.func1","level":"error","line":95,"msg":"执行失败: %!(EXTRA *net.OpError=dial tcp: lookup Dc@123@127.0.0.1: no such host)","time":"2022-08-11T22:12:42+08:00"}
{"file":"server.go","function":"taskmanager/internal/taskManager.(*taskCenter).StartWorker.func1","level":"error","line":95,"msg":"执行失败: %!(EXTRA *net.OpError=dial tcp: lookup Dc@123@127.0.0.1: no such host)","time":"2022-08-11T22:12:43+08:00"}
{"file":"server.go","function":"taskmanager/internal/taskManager.(*taskCenter).StartWorker.func1","level":"error","line":95,"msg":"执行失败: %!(EXTRA *net.OpError=dial tcp: lookup Dc@123@127.0.0.1: no such host)","time":"2022-08-11T22:12:45+08:00"}
{"file":"server.go","function":"taskmanager/internal/taskManager.(*taskCenter).StartWorker.func1","level":"error","line":95,"msg":"执行失败: %!(EXTRA *net.OpError=dial tcp: lookup Dc@123@127.0.0.1: no such host)","time":"2022-08-11T22:12:48+08:00"}
{"file":"server.go","function":"taskmanager/internal/taskManager.(*taskCenter).StartWorker.func1","level":"error","line":95,"msg":"执行失败: %!(EXTRA *net.OpError=dial tcp: lookup Dc@123@127.0.0.1: no such host)","time":"2022-08-11T22:12:53+08:00"}
{"file":"shutdown.go","function":"taskmanager/utils.ServerNotify","level":"warning","line":26,"msg":"执行退出操作","time":"2022-08-11T22:12:56+08:00"}
{"file":"router.go","function":"taskmanager/internal/web.(*RouterCenter).Launch.func1","level":"info","line":62,"msg":"init server on 8080","time":"2022-08-11T22:13:59+08:00"}
{"file":"server.go","function":"taskmanager/internal/taskManager.(*taskCenter).StartWorker.func1","level":"error","line":95,"msg":"执行失败: %!(EXTRA proto.RedisError=NOAUTH Authentication required.)","time":"2022-08-11T22:13:59+08:00"}
{"file":"server.go","function":"taskmanager/internal/taskManager.(*taskCenter).StartWorker.func1","level":"error","line":95,"msg":"执行失败: %!(EXTRA proto.RedisError=NOAUTH Authentication required.)","time":"2022-08-11T22:14:00+08:00"}
{"file":"server.go","function":"taskmanager/internal/taskManager.(*taskCenter).StartWorker.func1","level":"error","line":95,"msg":"执行失败: %!(EXTRA proto.RedisError=NOAUTH Authentication required.)","time":"2022-08-11T22:14:01+08:00"}
{"file":"server.go","function":"taskmanager/internal/taskManager.(*taskCenter).StartWorker.func1","level":"error","line":95,"msg":"执行失败: %!(EXTRA proto.RedisError=NOAUTH Authentication required.)","time":"2022-08-11T22:14:03+08:00"}
{"file":"server.go","function":"taskmanager/internal/taskManager.(*taskCenter).StartWorker.func1","level":"error","line":95,"msg":"执行失败: %!(EXTRA proto.RedisError=NOAUTH Authentication required.)","time":"2022-08-11T22:14:06+08:00"}
{"file":"server.go","function":"taskmanager/internal/taskManager.(*taskCenter).StartWorker.func1","level":"error","line":95,"msg":"执行失败: %!(EXTRA proto.RedisError=NOAUTH Authentication required.)","time":"2022-08-11T22:14:11+08:00"}
{"file":"server.go","function":"taskmanager/internal/taskManager.(*taskCenter).StartWorker.func1","level":"error","line":95,"msg":"执行失败: %!(EXTRA proto.RedisError=NOAUTH Authentication required.)","time":"2022-08-11T22:14:19+08:00"}
{"file":"server.go","function":"taskmanager/internal/taskManager.(*taskCenter).StartWorker.func1","level":"error","line":95,"msg":"执行失败: %!(EXTRA proto.RedisError=NOAUTH Authentication required.)","time":"2022-08-11T22:14:32+08:00"}
{"file":"shutdown.go","function":"taskmanager/utils.ServerNotify","level":"warning","line":26,"msg":"执行退出操作","time":"2022-08-11T22:14:52+08:00"}
{"file":"router.go","function":"taskmanager/internal/web.(*RouterCenter).Launch.func1","level":"info","line":62,"msg":"init server on 8080","time":"2022-08-11T22:14:57+08:00"}
{"file":"server.go","function":"taskmanager/internal/taskManager.(*taskCenter).StartWorker.func1","level":"error","line":95,"msg":"执行失败: NOAUTH Authentication required.","time":"2022-08-11T22:14:58+08:00"}
{"file":"server.go","function":"taskmanager/internal/taskManager.(*taskCenter).StartWorker.func1","level":"error","line":95,"msg":"执行失败: NOAUTH Authentication required.","time":"2022-08-11T22:14:59+08:00"}
{"file":"server.go","function":"taskmanager/internal/taskManager.(*taskCenter).StartWorker.func1","level":"error","line":95,"msg":"执行失败: NOAUTH Authentication required.","time":"2022-08-11T22:15:00+08:00"}
{"file":"server.go","function":"taskmanager/internal/taskManager.(*taskCenter).StartWorker.func1","level":"error","line":95,"msg":"执行失败: NOAUTH Authentication required.","time":"2022-08-11T22:15:02+08:00"}
{"file":"server.go","function":"taskmanager/internal/taskManager.(*taskCenter).StartWorker.func1","level":"error","line":95,"msg":"执行失败: NOAUTH Authentication required.","time":"2022-08-11T22:15:05+08:00"}
{"file":"server.go","function":"taskmanager/internal/taskManager.(*taskCenter).StartWorker.func1","level":"error","line":95,"msg":"执行失败: NOAUTH Authentication required.","time":"2022-08-11T22:15:10+08:00"}
{"file":"server.go","function":"taskmanager/internal/taskManager.(*taskCenter).StartWorker.func1","level":"error","line":95,"msg":"执行失败: NOAUTH Authentication required.","time":"2022-08-11T22:15:18+08:00"}
{"file":"server.go","function":"taskmanager/internal/taskManager.(*taskCenter).StartWorker.func1","level":"error","line":95,"msg":"执行失败: NOAUTH Authentication required.","time":"2022-08-11T22:15:31+08:00"}
{"file":"server.go","function":"taskmanager/internal/taskManager.(*taskCenter).StartWorker.func1","level":"error","line":95,"msg":"执行失败: NOAUTH Authentication required.","time":"2022-08-11T22:15:52+08:00"}
{"file":"server.go","function":"taskmanager/internal/taskManager.(*taskCenter).StartWorker.func1","level":"error","line":95,"msg":"执行失败: NOAUTH Authentication required.","time":"2022-08-11T22:16:26+08:00"}
{"file":"server.go","function":"taskmanager/internal/taskManager.(*taskCenter).StartWorker.func1","level":"error","line":95,"msg":"执行失败: NOAUTH Authentication required.","time":"2022-08-11T22:17:21+08:00"}
{"file":"server.go","function":"taskmanager/internal/taskManager.(*taskCenter).StartWorker.func1","level":"error","line":95,"msg":"执行失败: NOAUTH Authentication required.","time":"2022-08-11T22:18:50+08:00"}
{"file":"shutdown.go","function":"taskmanager/utils.ServerNotify","level":"warning","line":26,"msg":"执行退出操作","time":"2022-08-11T22:19:21+08:00"}
{"file":"router.go","function":"taskmanager/internal/web.(*RouterCenter).Launch.func1","level":"info","line":62,"msg":"init server on 8080","time":"2022-08-11T22:19:28+08:00"}
{"file":"server.go","function":"taskmanager/internal/taskManager.(*taskCenter).StartWorker.func1","level":"error","line":95,"msg":"执行失败: dial tcp: lookup Dc@123@127.0.0.1: no such host","time":"2022-08-11T22:19:28+08:00"}
{"file":"server.go","function":"taskmanager/internal/taskManager.(*taskCenter).StartWorker.func1","level":"error","line":95,"msg":"执行失败: dial tcp: lookup Dc@123@127.0.0.1: no such host","time":"2022-08-11T22:19:29+08:00"}
{"file":"server.go","function":"taskmanager/internal/taskManager.(*taskCenter).StartWorker.func1","level":"error","line":95,"msg":"执行失败: dial tcp: lookup Dc@123@127.0.0.1: no such host","time":"2022-08-11T22:19:30+08:00"}
{"file":"server.go","function":"taskmanager/internal/taskManager.(*taskCenter).StartWorker.func1","level":"error","line":95,"msg":"执行失败: dial tcp: lookup Dc@123@127.0.0.1: no such host","time":"2022-08-11T22:19:32+08:00"}
{"file":"shutdown.go","function":"taskmanager/utils.ServerNotify","level":"warning","line":26,"msg":"执行退出操作","time":"2022-08-11T22:19:34+08:00"}
{"file":"router.go","function":"taskmanager/internal/web.(*RouterCenter).Launch.func1","level":"info","line":62,"msg":"init server on 8080","time":"2022-08-11T22:19:56+08:00"}
{"file":"server.go","function":"taskmanager/internal/taskManager.(*taskCenter).StartWorker.func1","level":"error","line":95,"msg":"执行失败: dial tcp: lookup Dc@123@127.0.0.1: no such host","time":"2022-08-11T22:19:56+08:00"}
{"file":"server.go","function":"taskmanager/internal/taskManager.(*taskCenter).StartWorker.func1","level":"error","line":95,"msg":"执行失败: dial tcp: lookup Dc@123@127.0.0.1: no such host","time":"2022-08-11T22:19:57+08:00"}
{"file":"server.go","function":"taskmanager/internal/taskManager.(*taskCenter).StartWorker.func1","level":"error","line":95,"msg":"执行失败: dial tcp: lookup Dc@123@127.0.0.1: no such host","time":"2022-08-11T22:19:58+08:00"}
{"file":"server.go","function":"taskmanager/internal/taskManager.(*taskCenter).StartWorker.func1","level":"error","line":95,"msg":"执行失败: dial tcp: lookup Dc@123@127.0.0.1: no such host","time":"2022-08-11T22:20:00+08:00"}
{"file":"server.go","function":"taskmanager/internal/taskManager.(*taskCenter).StartWorker.func1","level":"error","line":95,"msg":"执行失败: dial tcp: lookup Dc@123@127.0.0.1: no such host","time":"2022-08-11T22:20:03+08:00"}
{"file":"shutdown.go","function":"taskmanager/utils.ServerNotify","level":"warning","line":26,"msg":"执行退出操作","time":"2022-08-11T22:20:04+08:00"}
{"file":"router.go","function":"taskmanager/internal/web.(*RouterCenter).Launch.func1","level":"info","line":62,"msg":"init server on 8080","time":"2022-08-11T22:20:23+08:00"}
{"file":"shutdown.go","function":"taskmanager/utils.ServerNotify","level":"warning","line":26,"msg":"执行退出操作","time":"2022-08-11T22:21:03+08:00"}
{"file":"router.go","function":"taskmanager/internal/web.(*RouterCenter).Launch.func1","level":"info","line":62,"msg":"init server on 8080","time":"2022-08-11T22:21:08+08:00"}
{"file":"shutdown.go","function":"taskmanager/utils.ServerNotify","level":"warning","line":26,"msg":"执行退出操作","time":"2022-08-11T22:21:15+08:00"}
{"file":"router.go","function":"taskmanager/internal/web.(*RouterCenter).Launch.func1","level":"info","line":62,"msg":"init server on 8000","time":"2022-08-15T13:48:48+08:00"}
{"file":"shutdown.go","function":"taskmanager/utils.ServerNotify","level":"warning","line":26,"msg":"执行退出操作","time":"2022-08-15T14:36:10+08:00"}
{"file":"router.go","function":"taskmanager/internal/web.(*RouterCenter).Launch.func1","level":"info","line":62,"msg":"init server on 8000","time":"2022-08-15T14:36:20+08:00"}
{"file":"shutdown.go","function":"taskmanager/utils.ServerNotify","level":"warning","line":26,"msg":"执行退出操作","time":"2022-08-15T14:38:09+08:00"}
{"file":"router.go","function":"taskmanager/internal/web.(*RouterCenter).Launch.func1","level":"info","line":62,"msg":"init server on 8000","time":"2022-08-15T14:38:16+08:00"}
{"file":"shutdown.go","function":"taskmanager/utils.ServerNotify","level":"warning","line":26,"msg":"执行退出操作","time":"2022-08-15T14:40:27+08:00"}
{"file":"router.go","function":"taskmanager/internal/web.(*RouterCenter).Launch.func1","level":"info","line":62,"msg":"init server on 8000","time":"2022-08-15T14:40:30+08:00"}
{"file":"shutdown.go","function":"taskmanager/utils.ServerNotify","level":"warning","line":26,"msg":"执行退出操作","time":"2022-08-15T14:42:15+08:00"}
{"file":"router.go","function":"taskmanager/internal/web.(*RouterCenter).Launch.func1","level":"info","line":62,"msg":"init server on 8000","time":"2022-08-15T14:42:20+08:00"}
{"file":"shutdown.go","function":"taskmanager/utils.ServerNotify","level":"warning","line":26,"msg":"执行退出操作","time":"2022-08-15T16:32:49+08:00"}
{"file":"router.go","function":"taskmanager/internal/web.(*RouterCenter).Launch.func1","level":"info","line":62,"msg":"init server on 8000","time":"2022-08-15T16:34:21+08:00"}
{"file":"shutdown.go","function":"taskmanager/utils.ServerNotify","level":"warning","line":26,"msg":"执行退出操作","time":"2022-08-15T16:38:55+08:00"}
{"file":"router.go","function":"taskmanager/internal/web.(*RouterCenter).Launch.func1","level":"info","line":62,"msg":"init server on 8000","time":"2022-08-15T16:39:01+08:00"}
{"file":"shutdown.go","function":"taskmanager/utils.ServerNotify","level":"warning","line":26,"msg":"执行退出操作","time":"2022-08-15T16:45:58+08:00"}
{"file":"dbOperator.go","function":"taskmanager/internal/store.newDBOperator.func1","level":"error","line":39,"msg":"dial tcp: lookup tcp/%!!(MISSING)s(uint=3306): nodename nor servname provided, or not known","time":"2022-08-15T16:46:06+08:00"}
{"file":"db_loader.go","function":"taskmanager/utils.autoMigrate","level":"error","line":18,"msg":"获取数据库连接失败","time":"2022-08-15T16:46:06+08:00"}
{"file":"dbOperator.go","function":"taskmanager/internal/store.newDBOperator.func1","level":"error","line":39,"msg":"dial tcp: lookup tcp/%!!(MISSING)s(uint=3306): nodename nor servname provided, or not known","time":"2022-08-15T16:47:53+08:00"}
{"file":"db_loader.go","function":"taskmanager/utils.autoMigrate","level":"error","line":18,"msg":"获取数据库连接失败","time":"2022-08-15T16:47:53+08:00"}
{"file":"dbOperator.go","function":"taskmanager/internal/store.newDBOperator.func1","level":"error","line":39,"msg":"dial tcp: lookup tcp/%!!(MISSING)s(uint=3306): nodename nor servname provided, or not known","time":"2022-08-15T16:48:51+08:00"}
{"file":"db_loader.go","function":"taskmanager/utils.autoMigrate","level":"error","line":18,"msg":"获取数据库连接失败","time":"2022-08-15T16:48:51+08:00"}
{"file":"dbOperator.go","function":"taskmanager/internal/store.newDBOperator.func1","level":"error","line":39,"msg":"Error 1045: Access denied for user ''@'localhost' (using password: YES)","time":"2022-08-15T16:49:16+08:00"}
{"file":"db_loader.go","function":"taskmanager/utils.autoMigrate","level":"error","line":18,"msg":"获取数据库连接失败","time":"2022-08-15T16:49:16+08:00"}
{"file":"dbOperator.go","function":"taskmanager/internal/store.newDBOperator.func1","level":"error","line":39,"msg":"Error 1045: Access denied for user ''@'localhost' (using password: YES)","time":"2022-08-15T16:49:53+08:00"}
{"file":"db_loader.go","function":"taskmanager/utils.autoMigrate","level":"error","line":18,"msg":"获取数据库连接失败","time":"2022-08-15T16:49:53+08:00"}
{"file":"dbOperator.go","function":"taskmanager/internal/store.newDBOperator.func1","level":"error","line":39,"msg":"Error 1045: Access denied for user ''@'localhost' (using password: YES)","time":"2022-08-15T16:51:20+08:00"}
{"file":"db_loader.go","function":"taskmanager/utils.autoMigrate","level":"error","line":18,"msg":"获取数据库连接失败","time":"2022-08-15T16:51:20+08:00"}
{"file":"router.go","function":"taskmanager/internal/web.(*RouterCenter).Launch.func1","level":"info","line":62,"msg":"init server on 8000","time":"2022-08-15T16:59:20+08:00"}
{"file":"shutdown.go","function":"taskmanager/utils.ServerNotify","level":"warning","line":26,"msg":"执行退出操作","time":"2022-08-15T17:49:32+08:00"}
{"file":"router.go","function":"taskmanager/internal/web.(*RouterCenter).Launch.func1","level":"info","line":62,"msg":"init server on 8000","time":"2022-08-15T17:49:41+08:00"}
{"file":"shutdown.go","function":"taskmanager/utils.ServerNotify","level":"warning","line":26,"msg":"执行退出操作","time":"2022-08-15T17:50:55+08:00"}
{"file":"router.go","function":"taskmanager/internal/web.(*RouterCenter).Launch.func1","level":"info","line":62,"msg":"init server on 8000","time":"2022-08-15T17:51:01+08:00"}
{"file":"shutdown.go","function":"taskmanager/utils.ServerNotify","level":"warning","line":26,"msg":"执行退出操作","time":"2022-08-15T17:53:10+08:00"}
{"file":"router.go","function":"taskmanager/internal/web.(*RouterCenter).Launch.func1","level":"info","line":62,"msg":"init server on 8000","time":"2022-08-15T17:53:17+08:00"}
{"file":"shutdown.go","function":"taskmanager/utils.ServerNotify","level":"warning","line":26,"msg":"执行退出操作","time":"2022-08-15T18:49:52+08:00"}
{"file":"router.go","function":"taskmanager/internal/web.(*RouterCenter).Launch.func1","level":"info","line":62,"msg":"init server on 8000","time":"2022-08-15T18:50:12+08:00"}
{"file":"shutdown.go","function":"taskmanager/utils.ServerNotify","level":"warning","line":26,"msg":"执行退出操作","time":"2022-08-15T18:51:55+08:00"}
{"file":"router.go","function":"taskmanager/internal/web.(*RouterCenter).Launch.func1","level":"info","line":62,"msg":"init server on 8000","time":"2022-08-15T18:52:01+08:00"}
{"file":"shutdown.go","function":"taskmanager/utils.ServerNotify","level":"warning","line":26,"msg":"执行退出操作","time":"2022-08-15T18:52:29+08:00"}
{"file":"router.go","function":"taskmanager/internal/web.(*RouterCenter).Launch.func1","level":"info","line":62,"msg":"init server on 8000","time":"2022-08-15T18:52:32+08:00"}
{"file":"shutdown.go","function":"taskmanager/utils.ServerNotify","level":"warning","line":26,"msg":"执行退出操作","time":"2022-08-15T18:53:08+08:00"}
{"file":"router.go","function":"taskmanager/internal/web.(*RouterCenter).Launch.func1","level":"info","line":62,"msg":"init server on 8000","time":"2022-08-15T18:53:18+08:00"}
{"file":"shutdown.go","function":"taskmanager/utils.ServerNotify","level":"warning","line":26,"msg":"执行退出操作","time":"2022-08-15T18:54:14+08:00"}
{"file":"router.go","function":"taskmanager/internal/web.(*RouterCenter).Launch.func1","level":"info","line":62,"msg":"init server on 8000","time":"2022-08-15T18:54:21+08:00"}
{"file":"shutdown.go","function":"taskmanager/utils.ServerNotify","level":"warning","line":26,"msg":"执行退出操作","time":"2022-08-15T18:55:16+08:00"}
{"file":"router.go","function":"taskmanager/internal/web.(*RouterCenter).Launch.func1","level":"info","line":62,"msg":"init server on 8000","time":"2022-08-15T18:55:20+08:00"}
{"file":"shutdown.go","function":"taskmanager/utils.ServerNotify","level":"warning","line":26,"msg":"执行退出操作","time":"2022-08-15T19:00:15+08:00"}
{"file":"router.go","function":"taskmanager/internal/web.(*RouterCenter).Launch.func1","level":"info","line":62,"msg":"init server on 8000","time":"2022-08-15T19:00:51+08:00"}
{"file":"shutdown.go","function":"taskmanager/utils.ServerNotify","level":"warning","line":26,"msg":"执行退出操作","time":"2022-08-15T19:01:47+08:00"}
{"file":"router.go","function":"taskmanager/internal/web.(*RouterCenter).Launch.func1","level":"info","line":62,"msg":"init server on 8000","time":"2022-08-15T19:01:54+08:00"}
{"file":"shutdown.go","function":"taskmanager/utils.ServerNotify","level":"warning","line":26,"msg":"执行退出操作","time":"2022-08-15T19:04:18+08:00"}
{"file":"router.go","function":"taskmanager/internal/web.(*RouterCenter).Launch.func1","level":"info","line":62,"msg":"init server on 8000","time":"2022-08-15T19:04:24+08:00"}
